<?xml version="1.0" encoding="UTF-8"?>
<!-- Generated by org.testng.reporters.JUnitReportReporter -->
<testsuite hostname="COG-WIN-MAC03" failures="0" tests="5" name="testCases.GroupListTest" time="424.979" errors="0" timestamp="2024-11-15T15:02:14 IST" skipped="0">
  <testcase classname="testCases.GroupListTest" name="validationCheck" time="68.304"/>
  <system-out/>
  <testcase classname="testCases.GroupListTest" name="addGroupList" time="86.066"/>
  <system-out/>
  <testcase classname="testCases.GroupListTest" name="validateGroupNAmeOnListingPAge" time="88.452"/>
  <system-out/>
  <testcase classname="testCases.GroupListTest" name="validateEditButtonFunctionality" time="94.034"/>
  <system-out/>
  <testcase classname="testCases.GroupListTest" name="validateDeleteButtonFunctionality" time="88.123"/>
  <system-out/>
</testsuite> <!-- testCases.GroupListTest -->
