<?xml version="1.0" encoding="UTF-8"?>
<!-- Generated by org.testng.reporters.JUnitReportReporter -->
<testsuite hostname="COG-WIN-MAC03" failures="0" tests="3" name="testCases.VendorListingTest" time="299.404" errors="0" timestamp="2024-08-20T04:14:20 IST" skipped="0">
  <testcase classname="testCases.VendorListingTest" name="validationCheck" time="86.522"/>
  <system-out/>
  <testcase classname="testCases.VendorListingTest" name="addVendorListing" time="125.066"/>
  <system-out/>
  <testcase classname="testCases.VendorListingTest" name="ValidateVendorOnListingPAge" time="87.816"/>
  <system-out/>
</testsuite> <!-- testCases.VendorListingTest -->
