<?xml version="1.0" encoding="UTF-8"?>
<!-- Generated by org.testng.reporters.JUnitReportReporter -->
<testsuite hostname="COG-WIN-MAC03" failures="0" tests="5" name="testCases.GroupListTest" time="315.184" errors="0" timestamp="2024-07-26T22:39:58 IST" skipped="0">
  <testcase classname="testCases.GroupListTest" name="validationCheck" time="51.874"/>
  <system-out/>
  <testcase classname="testCases.GroupListTest" name="addGroupList" time="62.500"/>
  <system-out/>
  <testcase classname="testCases.GroupListTest" name="validateGroupNAmeOnListingPAge" time="56.271"/>
  <system-out/>
  <testcase classname="testCases.GroupListTest" name="validateEditButtonFunctionality" time="73.598"/>
  <system-out/>
  <testcase classname="testCases.GroupListTest" name="validateDeleteButtonFunctionality" time="70.941"/>
  <system-out/>
</testsuite> <!-- testCases.GroupListTest -->
