<?xml version="1.0" encoding="UTF-8"?>
<!-- Generated by org.testng.reporters.JUnitReportReporter -->
<testsuite hostname="COG-WIN-MAC03" failures="0" tests="11" name="testCases.StageTest" time="832.127" errors="0" timestamp="2024-11-05T16:22:54 IST" skipped="0">
  <testcase classname="testCases.StageTest" name="validationCheck" time="53.664"/>
  <system-out/>
  <testcase classname="testCases.StageTest" name="validationCheckOfUserGuide" time="81.763"/>
  <system-out/>
  <testcase classname="testCases.StageTest" name="addService" time="82.953"/>
  <system-out/>
  <testcase classname="testCases.StageTest" name="ValidateStageNameOnListingPage" time="74.473"/>
  <system-out/>
  <testcase classname="testCases.StageTest" name="ValidateEditFunctionalityOfStageName" time="86.242"/>
  <system-out/>
  <testcase classname="testCases.StageTest" name="ValidateInActiveSatatusButtonFunctionalityOfStageName" time="78.194"/>
  <system-out/>
  <testcase classname="testCases.StageTest" name="ValidateActiveSatatusButtonFunctionalityOfStageName" time="74.809"/>
  <system-out/>
  <testcase classname="testCases.StageTest" name="ValidateDropDownInActiveSatatusButtonFunctionalityOfStageName" time="78.318"/>
  <system-out/>
  <testcase classname="testCases.StageTest" name="ValidateDropDownActiveSatatusButtonFunctionalityOfStageName" time="74.089"/>
  <system-out/>
  <testcase classname="testCases.StageTest" name="verifySortingFunctionality" time="70.594"/>
  <system-out/>
  <testcase classname="testCases.StageTest" name="ValidateDeleteButtonFunctionalityOfStageName" time="77.028"/>
  <system-out/>
</testsuite> <!-- testCases.StageTest -->
