<?xml version="1.0" encoding="UTF-8"?>
<!-- Generated by org.testng.reporters.JUnitReportReporter -->
<testsuite hostname="COG-WIN-MAC03" failures="0" tests="8" name="testCases.PolicyTest" time="639.909" errors="0" timestamp="2024-10-17T03:22:38 IST" skipped="0">
  <testcase classname="testCases.PolicyTest" name="validationCheck" time="72.409"/>
  <system-out/>
  <testcase classname="testCases.PolicyTest" name="addPolicy" time="83.641"/>
  <system-out/>
  <testcase classname="testCases.PolicyTest" name="validatePolicyNameOnListingPAge" time="66.363"/>
  <system-out/>
  <testcase classname="testCases.PolicyTest" name="validateEditFunctionality" time="78.145"/>
  <system-out/>
  <testcase classname="testCases.PolicyTest" name="validateStatusFunctionality" time="80.804"/>
  <system-out/>
  <testcase classname="testCases.PolicyTest" name="validateProbationPeriodPage" time="86.778"/>
  <system-out/>
  <testcase classname="testCases.PolicyTest" name="validateNoticePeriodPage" time="89.153"/>
  <system-out/>
  <testcase classname="testCases.PolicyTest" name="validateDeleteFunctionality" time="82.616"/>
  <system-out/>
</testsuite> <!-- testCases.PolicyTest -->
