<?xml version="1.0" encoding="UTF-8"?>
<!-- Generated by org.testng.reporters.JUnitReportReporter -->
<testsuite hostname="COG-WIN-MAC03" failures="1" tests="10" name="testCases.TalentPoolListTest" time="920.293" errors="0" timestamp="2024-08-19T20:54:05 IST" skipped="0">
  <testcase classname="testCases.TalentPoolListTest" name="validationCheck" time="94.515"/>
  <system-out/>
  <testcase classname="testCases.TalentPoolListTest" name="addTalentPool" time="136.244"/>
  <system-out/>
  <testcase classname="testCases.TalentPoolListTest" name="ValidateTalentPoolOnListingPAge" time="90.252"/>
  <system-out/>
  <testcase classname="testCases.TalentPoolListTest" name="ValidateTalentPoolOnListingPAgeWithEamil" time="83.807"/>
  <system-out/>
  <testcase classname="testCases.TalentPoolListTest" name="ValidateEditFunctionalityOfTalentPool" time="113.148"/>
  <system-out/>
  <testcase classname="testCases.TalentPoolListTest" name="ValidateViewFunctionalityOfTalentPool" time="110.086"/>
  <system-out/>
  <testcase classname="testCases.TalentPoolListTest" name="ValidateAddAsCandidateFunctionalityOfTalentPool" time="98.354"/>
  <system-out/>
  <testcase classname="testCases.TalentPoolListTest" name="validateManageViewButtonFunctionality" time="77.155"/>
  <system-out/>
  <testcase classname="testCases.TalentPoolListTest" name="validateDeleteManageViewButtonFunctionality" time="68.870"/>
  <system-out/>
  <testcase classname="testCases.TalentPoolListTest" name="validateDeleteFunctionality" time="47.862">
    <failure message="java.lang.NullPointerException: Cannot invoke &quot;org.openqa.selenium.WebElement.clear()&quot; because &quot;element&quot; is null" type="java.lang.AssertionError">
      <![CDATA[java.lang.AssertionError: java.lang.NullPointerException: Cannot invoke "org.openqa.selenium.WebElement.clear()" because "element" is null
at org.testng.Assert.fail(Assert.java:99)
at utils.WebBasePage.enter(WebBasePage.java:81)
at pageObjects.UserLoginPage.enterUserName(UserLoginPage.java:35)
at pageObjects.UserLoginPage.forcefulLogOutLogin(UserLoginPage.java:87)
at action.LoginAction.logoutLogin(LoginAction.java:28)
at testCases.TalentPoolListTest.validateDeleteFunctionality(TalentPoolListTest.java:106)
at java.base/jdk.internal.reflect.NativeMethodAccessorImpl.invoke0(Native Method)
at java.base/jdk.internal.reflect.NativeMethodAccessorImpl.invoke(NativeMethodAccessorImpl.java:77)
at java.base/jdk.internal.reflect.DelegatingMethodAccessorImpl.invoke(DelegatingMethodAccessorImpl.java:43)
at java.base/java.lang.reflect.Method.invoke(Method.java:568)
at org.testng.internal.MethodInvocationHelper.invokeMethod(MethodInvocationHelper.java:133)
at org.testng.internal.TestInvoker.invokeMethod(TestInvoker.java:598)
at org.testng.internal.TestInvoker.invokeTestMethod(TestInvoker.java:173)
at org.testng.internal.MethodRunner.runInSequence(MethodRunner.java:46)
at org.testng.internal.TestInvoker$MethodInvocationAgent.invoke(TestInvoker.java:824)
at org.testng.internal.TestInvoker.invokeTestMethods(TestInvoker.java:146)
at org.testng.internal.TestMethodWorker.invokeTestMethods(TestMethodWorker.java:146)
at org.testng.internal.TestMethodWorker.run(TestMethodWorker.java:128)
at java.base/java.util.ArrayList.forEach(ArrayList.java:1511)
at org.testng.TestRunner.privateRun(TestRunner.java:794)
at org.testng.TestRunner.run(TestRunner.java:596)
at org.testng.SuiteRunner.runTest(SuiteRunner.java:377)
at org.testng.SuiteRunner.runSequentially(SuiteRunner.java:371)
at org.testng.SuiteRunner.privateRun(SuiteRunner.java:332)
at org.testng.SuiteRunner.run(SuiteRunner.java:276)
at org.testng.SuiteRunnerWorker.runSuite(SuiteRunnerWorker.java:53)
at org.testng.SuiteRunnerWorker.run(SuiteRunnerWorker.java:96)
at org.testng.TestNG.runSuitesSequentially(TestNG.java:1212)
at org.testng.TestNG.runSuitesLocally(TestNG.java:1134)
at org.testng.TestNG.runSuites(TestNG.java:1063)
at org.testng.TestNG.run(TestNG.java:1031)
at org.testng.remote.AbstractRemoteTestNG.run(AbstractRemoteTestNG.java:115)
at org.testng.remote.RemoteTestNG.initAndRun(RemoteTestNG.java:251)
at org.testng.remote.RemoteTestNG.main(RemoteTestNG.java:77)
]]>
    </failure>
  </testcase> <!-- validateDeleteFunctionality -->
  <system-out/>
</testsuite> <!-- testCases.TalentPoolListTest -->
