<?xml version="1.0" encoding="UTF-8"?>
<!-- Generated by org.testng.reporters.JUnitReportReporter -->
<testsuite hostname="COG-WIN-MAC03" failures="1" tests="8" name="testCases.PolicyTest" time="668.142" errors="0" timestamp="2024-08-08T23:02:15 IST" skipped="0">
  <testcase classname="testCases.PolicyTest" name="validationCheck" time="143.623"/>
  <system-out/>
  <testcase classname="testCases.PolicyTest" name="addPolicy" time="70.803"/>
  <system-out/>
  <testcase classname="testCases.PolicyTest" name="validatePolicyNameOnListingPAge" time="58.732"/>
  <system-out/>
  <testcase classname="testCases.PolicyTest" name="validateEditFunctionality" time="79.392"/>
  <system-out/>
  <testcase classname="testCases.PolicyTest" name="validateStatusFunctionality" time="92.625">
    <failure message="Confirmation Button -  element not present" type="java.lang.AssertionError">
      <![CDATA[java.lang.AssertionError: Confirmation Button -  element not present
at org.testng.Assert.fail(Assert.java:99)
at utils.WebBasePage.click(WebBasePage.java:126)
at pageObjects.PolicyPage.clickOnConfirmationButton(PolicyPage.java:242)
at action.PolicyAction.verifyStatusFunctionality(PolicyAction.java:69)
at testCases.PolicyTest.validateStatusFunctionality(PolicyTest.java:60)
at java.base/jdk.internal.reflect.NativeMethodAccessorImpl.invoke0(Native Method)
at java.base/jdk.internal.reflect.NativeMethodAccessorImpl.invoke(NativeMethodAccessorImpl.java:77)
at java.base/jdk.internal.reflect.DelegatingMethodAccessorImpl.invoke(DelegatingMethodAccessorImpl.java:43)
at java.base/java.lang.reflect.Method.invoke(Method.java:568)
at org.testng.internal.MethodInvocationHelper.invokeMethod(MethodInvocationHelper.java:133)
at org.testng.internal.TestInvoker.invokeMethod(TestInvoker.java:598)
at org.testng.internal.TestInvoker.invokeTestMethod(TestInvoker.java:173)
at org.testng.internal.MethodRunner.runInSequence(MethodRunner.java:46)
at org.testng.internal.TestInvoker$MethodInvocationAgent.invoke(TestInvoker.java:824)
at org.testng.internal.TestInvoker.invokeTestMethods(TestInvoker.java:146)
at org.testng.internal.TestMethodWorker.invokeTestMethods(TestMethodWorker.java:146)
at org.testng.internal.TestMethodWorker.run(TestMethodWorker.java:128)
at java.base/java.util.ArrayList.forEach(ArrayList.java:1511)
at org.testng.TestRunner.privateRun(TestRunner.java:794)
at org.testng.TestRunner.run(TestRunner.java:596)
at org.testng.SuiteRunner.runTest(SuiteRunner.java:377)
at org.testng.SuiteRunner.runSequentially(SuiteRunner.java:371)
at org.testng.SuiteRunner.privateRun(SuiteRunner.java:332)
at org.testng.SuiteRunner.run(SuiteRunner.java:276)
at org.testng.SuiteRunnerWorker.runSuite(SuiteRunnerWorker.java:53)
at org.testng.SuiteRunnerWorker.run(SuiteRunnerWorker.java:96)
at org.testng.TestNG.runSuitesSequentially(TestNG.java:1212)
at org.testng.TestNG.runSuitesLocally(TestNG.java:1134)
at org.testng.TestNG.runSuites(TestNG.java:1063)
at org.testng.TestNG.run(TestNG.java:1031)
at org.testng.remote.AbstractRemoteTestNG.run(AbstractRemoteTestNG.java:115)
at org.testng.remote.RemoteTestNG.initAndRun(RemoteTestNG.java:251)
at org.testng.remote.RemoteTestNG.main(RemoteTestNG.java:77)
]]>
    </failure>
  </testcase> <!-- validateStatusFunctionality -->
  <system-out/>
  <testcase classname="testCases.PolicyTest" name="validateProbationPeriodPage" time="68.836"/>
  <system-out/>
  <testcase classname="testCases.PolicyTest" name="validateNoticePeriodPage" time="75.493"/>
  <system-out/>
  <testcase classname="testCases.PolicyTest" name="validateDeleteFunctionality" time="78.638"/>
  <system-out/>
</testsuite> <!-- testCases.PolicyTest -->
