<?xml version="1.0" encoding="UTF-8"?>
<!-- Generated by org.testng.reporters.JUnitReportReporter -->
<testsuite hostname="COG-WIN-MAC03" failures="0" tests="1" name="testCases.JobRequisitionTest" time="60.160" errors="0" timestamp="2024-11-12T17:34:19 IST" skipped="0">
  <testcase classname="testCases.JobRequisitionTest" name="addJobRequisition" time="60.160"/>
  <system-out/>
</testsuite> <!-- testCases.JobRequisitionTest -->
