<?xml version="1.0" encoding="UTF-8"?>
<!-- Generated by org.testng.reporters.JUnitReportReporter -->
<testsuite hostname="COG-WIN-MAC03" failures="0" tests="1" name="testCases.JobListTest" time="138.236" errors="0" timestamp="2024-07-30T21:16:06 IST" skipped="0">
  <testcase classname="testCases.JobListTest" name="addJobList" time="138.236"/>
  <system-out/>
</testsuite> <!-- testCases.JobListTest -->
