<?xml version="1.0" encoding="UTF-8"?>
<!-- Generated by org.testng.reporters.JUnitReportReporter -->
<testsuite hostname="COG-WIN-MAC03" failures="0" tests="9" name="testCases.JobRequisitionTest" time="868.829" errors="0" timestamp="2024-08-05T21:17:49 IST" skipped="0">
  <testcase classname="testCases.JobRequisitionTest" name="validationCheck" time="148.824"/>
  <system-out/>
  <testcase classname="testCases.JobRequisitionTest" name="addJobRequisition" time="76.645"/>
  <system-out/>
  <testcase classname="testCases.JobRequisitionTest" name="validateGroupNAmeOnListingPAge" time="60.794"/>
  <system-out/>
  <testcase classname="testCases.JobRequisitionTest" name="validateViewButtonFunctionality" time="86.284"/>
  <system-out/>
  <testcase classname="testCases.JobRequisitionTest" name="validateEditButtonFunctionality" time="97.626"/>
  <system-out/>
  <testcase classname="testCases.JobRequisitionTest" name="validateDeleteButtonFunctionality" time="90.749"/>
  <system-out/>
  <testcase classname="testCases.JobRequisitionTest" name="addJobRequisitionForRejectFunctionality" time="106.005"/>
  <system-out/>
  <testcase classname="testCases.JobRequisitionTest" name="validateRejectButtonFunctionality" time="109.399"/>
  <system-out/>
  <testcase classname="testCases.JobRequisitionTest" name="validateDeleteButtonFunctionalityOfRejectedRequisition" time="92.503"/>
  <system-out/>
</testsuite> <!-- testCases.JobRequisitionTest -->
