<?xml version="1.0" encoding="UTF-8"?>
<!-- Generated by org.testng.reporters.JUnitReportReporter -->
<testsuite hostname="COG-WIN-MAC03" failures="0" tests="1" name="testCases.JobBoardSetupTest" time="99.330" errors="0" timestamp="2024-08-23T02:31:51 IST" skipped="0">
  <testcase classname="testCases.JobBoardSetupTest" name="validateTestimonialsPageWithDeatilRadioButtonFunctionalitty" time="99.330"/>
  <system-out/>
</testsuite> <!-- testCases.JobBoardSetupTest -->
