<?xml version="1.0" encoding="UTF-8"?>
<!-- Generated by org.testng.reporters.JUnitReportReporter -->
<testsuite hostname="COG-WIN-MAC03" failures="0" tests="4" name="testCases.JobPostReportTest" time="367.312" errors="0" timestamp="2024-08-21T04:42:19 IST" skipped="0">
  <testcase classname="testCases.JobPostReportTest" name="validateHiringReportWithDesignation" time="79.499"/>
  <system-out/>
  <testcase classname="testCases.JobPostReportTest" name="validateHiringReportWithStatus" time="90.076"/>
  <system-out/>
  <testcase classname="testCases.JobPostReportTest" name="validateStatuisRadioButtonFunctionalityOfHiringReportWithDesignation" time="96.889"/>
  <system-out/>
  <testcase classname="testCases.JobPostReportTest" name="validateStatuisRadioButtonFunctionalityOfHiringReportWithStatus" time="100.848"/>
  <system-out/>
</testsuite> <!-- testCases.JobPostReportTest -->
