<?xml version="1.0" encoding="UTF-8"?>
<!-- Generated by org.testng.reporters.JUnitReportReporter -->
<testsuite hostname="COG-WIN-MAC03" failures="0" tests="10" name="testCases.RequestEmployeeTest" time="891.373" errors="0" timestamp="2024-11-11T17:04:35 IST" skipped="0">
  <testcase classname="testCases.RequestEmployeeTest" name="addRequest" time="93.631"/>
  <system-out/>
  <testcase classname="testCases.RequestEmployeeTest" name="ValidateRequestOnListingPage" time="78.817"/>
  <system-out/>
  <testcase classname="testCases.RequestEmployeeTest" name="ValidateViewAssignedUsersButtonFunctionalityOfRequestEmployee" time="80.447"/>
  <system-out/>
  <testcase classname="testCases.RequestEmployeeTest" name="ValidateDeleteButtonFunctionalityOfRequestEmployee" time="80.046"/>
  <system-out/>
  <testcase classname="testCases.RequestEmployeeTest" name="addRequestWithoutSharingLicense" time="86.561"/>
  <system-out/>
  <testcase classname="testCases.RequestEmployeeTest" name="ValidateViewAssignedUsersButtonFunctionalityOfRequestEmployeeWithoutSharingLicense" time="78.083"/>
  <system-out/>
  <testcase classname="testCases.RequestEmployeeTest" name="ValidateViewButtonFunctionality" time="82.314"/>
  <system-out/>
  <testcase classname="testCases.RequestEmployeeTest" name="ValidateEditButtonFunctionality" time="131.094"/>
  <system-out/>
  <testcase classname="testCases.RequestEmployeeTest" name="ValidateDeleteButtonFunctionalityOfRequestEmployeeWithoutSharingLicense" time="94.415"/>
  <system-out/>
  <testcase classname="testCases.RequestEmployeeTest" name="addRequestWithVendor" time="85.965"/>
  <system-out/>
</testsuite> <!-- testCases.RequestEmployeeTest -->
