<?xml version="1.0" encoding="UTF-8"?>
<!-- Generated by org.testng.reporters.JUnitReportReporter -->
<testsuite hostname="COG-WIN-MAC03" failures="0" tests="10" name="testCases.TalentPoolListTest" time="902.317" errors="0" timestamp="2024-08-15T03:22:08 IST" skipped="0">
  <testcase classname="testCases.TalentPoolListTest" name="validationCheck" time="108.350"/>
  <system-out/>
  <testcase classname="testCases.TalentPoolListTest" name="addTalentPool" time="126.872"/>
  <system-out/>
  <testcase classname="testCases.TalentPoolListTest" name="ValidateTalentPoolOnListingPAge" time="66.118"/>
  <system-out/>
  <testcase classname="testCases.TalentPoolListTest" name="ValidateTalentPoolOnListingPAgeWithEamil" time="66.412"/>
  <system-out/>
  <testcase classname="testCases.TalentPoolListTest" name="ValidateEditFunctionalityOfTalentPool" time="101.573"/>
  <system-out/>
  <testcase classname="testCases.TalentPoolListTest" name="ValidateViewFunctionalityOfTalentPool" time="103.730"/>
  <system-out/>
  <testcase classname="testCases.TalentPoolListTest" name="ValidateAddAsCandidateFunctionalityOfTalentPool" time="137.082"/>
  <system-out/>
  <testcase classname="testCases.TalentPoolListTest" name="validateManageViewButtonFunctionality" time="69.291"/>
  <system-out/>
  <testcase classname="testCases.TalentPoolListTest" name="validateDeleteManageViewButtonFunctionality" time="53.520"/>
  <system-out/>
  <testcase classname="testCases.TalentPoolListTest" name="validateDeleteFunctionality" time="69.369"/>
  <system-out/>
</testsuite> <!-- testCases.TalentPoolListTest -->
