<?xml version="1.0" encoding="UTF-8"?>
<!-- Generated by org.testng.reporters.JUnitReportReporter -->
<testsuite hostname="COG-WIN-MAC03" failures="0" tests="4" name="testCases.JobPostReportTest" time="383.792" errors="0" timestamp="2024-08-20T04:21:19 IST" skipped="0">
  <testcase classname="testCases.JobPostReportTest" name="validateHiringReportWithDesignation" time="85.746"/>
  <system-out/>
  <testcase classname="testCases.JobPostReportTest" name="validateHiringReportWithStatus" time="92.797"/>
  <system-out/>
  <testcase classname="testCases.JobPostReportTest" name="validateStatuisRadioButtonFunctionalityOfHiringReportWithDesignation" time="99.426"/>
  <system-out/>
  <testcase classname="testCases.JobPostReportTest" name="validateStatuisRadioButtonFunctionalityOfHiringReportWithStatus" time="105.823"/>
  <system-out/>
</testsuite> <!-- testCases.JobPostReportTest -->
