<?xml version="1.0" encoding="UTF-8"?>
<!-- Generated by org.testng.reporters.JUnitReportReporter -->
<testsuite hostname="COG-WIN-MAC03" failures="0" tests="9" name="testCases.TalentPoolListTest" time="1087.616" errors="0" timestamp="2024-11-12T18:04:54 IST" skipped="0">
  <testcase classname="testCases.TalentPoolListTest" name="validationCheck" time="140.430"/>
  <system-out/>
  <testcase classname="testCases.TalentPoolListTest" name="addTalentPool" time="138.658"/>
  <system-out/>
  <testcase classname="testCases.TalentPoolListTest" name="ValidateTalentPoolOnListingPAge" time="107.033"/>
  <system-out/>
  <testcase classname="testCases.TalentPoolListTest" name="ValidateTalentPoolOnListingPAgeWithEamil" time="109.868"/>
  <system-out/>
  <testcase classname="testCases.TalentPoolListTest" name="ValidateViewFunctionalityOfTalentPool" time="115.907"/>
  <system-out/>
  <testcase classname="testCases.TalentPoolListTest" name="ValidateAddAsCandidateFunctionalityOfTalentPool" time="129.089"/>
  <system-out/>
  <testcase classname="testCases.TalentPoolListTest" name="validateManageViewButtonFunctionality" time="118.600"/>
  <system-out/>
  <testcase classname="testCases.TalentPoolListTest" name="validateDeleteManageViewButtonFunctionality" time="106.024"/>
  <system-out/>
  <testcase classname="testCases.TalentPoolListTest" name="validateDeleteFunctionality" time="122.007"/>
  <system-out/>
</testsuite> <!-- testCases.TalentPoolListTest -->
