<?xml version="1.0" encoding="UTF-8"?>
<!-- Generated by org.testng.reporters.JUnitReportReporter -->
<testsuite hostname="COG-WIN-MAC03" failures="0" tests="3" name="testCases.VendorListingTest" time="258.484" errors="0" timestamp="2024-10-17T03:50:26 IST" skipped="0">
  <testcase classname="testCases.VendorListingTest" name="validationCheck" time="89.327"/>
  <system-out/>
  <testcase classname="testCases.VendorListingTest" name="addVendorListing" time="100.314"/>
  <system-out/>
  <testcase classname="testCases.VendorListingTest" name="ValidateVendorOnListingPAge" time="68.843"/>
  <system-out/>
</testsuite> <!-- testCases.VendorListingTest -->
