<?xml version="1.0" encoding="UTF-8"?>
<!-- Generated by org.testng.reporters.JUnitReportReporter -->
<testsuite hostname="COG-WIN-MAC03" failures="0" tests="4" name="testCases.JobPostReportTest" time="386.061" errors="0" timestamp="2024-10-17T02:57:35 IST" skipped="0">
  <testcase classname="testCases.JobPostReportTest" name="validateHiringReportWithDesignation" time="89.984"/>
  <system-out/>
  <testcase classname="testCases.JobPostReportTest" name="validateHiringReportWithStatus" time="92.639"/>
  <system-out/>
  <testcase classname="testCases.JobPostReportTest" name="validateStatuisRadioButtonFunctionalityOfHiringReportWithDesignation" time="98.891"/>
  <system-out/>
  <testcase classname="testCases.JobPostReportTest" name="validateStatuisRadioButtonFunctionalityOfHiringReportWithStatus" time="104.547"/>
  <system-out/>
</testsuite> <!-- testCases.JobPostReportTest -->
